<?xml version="1.0" encoding="UTF-8"?>
<testng-results ignored="0" total="1" passed="1" failed="0" skipped="0">
  <reporter-output>
  </reporter-output>
  <suite started-at="2024-02-13T12:10:09 IST" name="Suite" finished-at="2024-02-13T12:10:22 IST" duration-ms="13224">
    <groups>
    </groups>
    <test started-at="2024-02-13T12:10:09 IST" name="Test" finished-at="2024-02-13T12:10:22 IST" duration-ms="13224">
      <class name="tests.Screenshot1">
        <test-method signature="click1()[pri:0, instance:tests.Screenshot1@4d5650ae]" started-at="2024-02-13T12:10:09 IST" name="click1" finished-at="2024-02-13T12:10:22 IST" duration-ms="13200" status="PASS">
          <reporter-output>
          </reporter-output>
        </test-method> <!-- click1 -->
      </class> <!-- tests.Screenshot1 -->
    </test> <!-- Test -->
  </suite> <!-- Suite -->
</testng-results>
